<?xml version="1.0" encoding="UTF-8" ?>
<testsuite tests="1" failures="0" name="com.icecocoeci.utilites.JoinerTest" time="0.009" errors="0" skipped="0">
  <properties>
    <property name="java.runtime.name" value="Java(TM) SE Runtime Environment"/>
    <property name="sun.boot.library.path" value="D:\Professional_Software\Java\jdk1.8\jre\bin"/>
    <property name="java.vm.version" value="25.261-b12"/>
    <property name="java.vm.vendor" value="Oracle Corporation"/>
    <property name="maven.multiModuleProjectDirectory" value="D:\Professional_Software\idea2020.1.4\IdeaProject\bilibili·Guava\guava-learning"/>
    <property name="java.vendor.url" value="http://java.oracle.com/"/>
    <property name="path.separator" value=";"/>
    <property name="guice.disable.misplaced.annotation.check" value="true"/>
    <property name="java.vm.name" value="Java HotSpot(TM) 64-Bit Server VM"/>
    <property name="file.encoding.pkg" value="sun.io"/>
    <property name="user.script" value=""/>
    <property name="user.country" value="CN"/>
    <property name="sun.java.launcher" value="SUN_STANDARD"/>
    <property name="sun.os.patch.level" value=""/>
    <property name="java.vm.specification.name" value="Java Virtual Machine Specification"/>
    <property name="user.dir" value="D:\Professional_Software\idea2020.1.4\IdeaProject\bilibili·Guava\guava-learning"/>
    <property name="java.runtime.version" value="1.8.0_261-b12"/>
    <property name="java.awt.graphicsenv" value="sun.awt.Win32GraphicsEnvironment"/>
    <property name="java.endorsed.dirs" value="D:\Professional_Software\Java\jdk1.8\jre\lib\endorsed"/>
    <property name="os.arch" value="amd64"/>
    <property name="java.io.tmpdir" value="C:\Users\wlf\AppData\Local\Temp\"/>
    <property name="line.separator" value="
"/>
    <property name="java.vm.specification.vendor" value="Oracle Corporation"/>
    <property name="user.variant" value=""/>
    <property name="os.name" value="Windows 10"/>
    <property name="maven.ext.class.path" value="D:\Professional_Software\idea2020.1.4\plugins\maven\lib\maven-event-listener.jar"/>
    <property name="classworlds.conf" value="D:\Professional_Software\apache-maven-3.6.3\bin\m2.conf"/>
    <property name="sun.jnu.encoding" value="GBK"/>
    <property name="java.library.path" value="D:\Professional_Software\Java\jdk1.8\bin;C:\WINDOWS\Sun\Java\bin;C:\WINDOWS\system32;C:\WINDOWS;C:\Program Files (x86)\Common Files\Oracle\Java\javapath;C:\Windows\system32;C:\Windows;C:\Windows\System32\Wbem;C:\Windows\System32\WindowsPowerShell\v1.0\;C:\Windows\System32\OpenSSH\;C:\Program Files (x86)\NVIDIA Corporation\PhysX\Common;C:\Program Files\NVIDIA Corporation\NVIDIA NvDLISR;D:\Professional_Software\Java\jdk14.0.2\bin;D:\Professional_Software\Java\jdk14.0.2\jre\bin;D:\Professional_Software\Matlab_R2020a\runtime\win64;D:\Professional_Software\Matlab_R2020a\bin;D:\Professional_Software\Matlab_R2020a\polyspace\bin;D:\Software\SPSS 25\JRE\bin;D:\Professional_Software\apache-maven-3.6.3\bin;D:\Professional_Software\mysql-8.0.23-winx64\bin;D:\Professional_Software\Git\cmd;D:\Professional_Software\NodeJs\;D:\Professional_Software\Pandoc\;C:\WINDOWS\system32;C:\WINDOWS;C:\WINDOWS\System32\Wbem;C:\WINDOWS\System32\WindowsPowerShell\v1.0\;C:\WINDOWS\System32\OpenSSH\;D:\Professional_Software\apache-jmeter-5.4.1\bin;D:\Professional_Software\Go\bin;D:\Professional_Software\GoLand 2021.2.1\GoProjects\bin;D:\Professional_Software\protoc-3.15.5-win64\bin;D:\Professional_Software\Xshell7\;D:\Professional_Software\Xftp7\;C:\Users\wlf\AppData\Local\Microsoft\WindowsApps;D:\Software\Bandzip\;D:\Software\bandizip\;D:\Professional_Software\idea2020.1.4\bin;;D:\Professional_Software\pycharm-professional-2020.1.4\bin;;C:\Users\wlf\AppData\Roaming\npm;D:\Professional_Software\Go\bin;D:\Professional_Software\GoLand 2021.2.1\bin;;;."/>
    <property name="maven.conf" value="D:\Professional_Software\apache-maven-3.6.3/conf"/>
    <property name="java.specification.name" value="Java Platform API Specification"/>
    <property name="java.class.version" value="52.0"/>
    <property name="sun.management.compiler" value="HotSpot 64-Bit Tiered Compilers"/>
    <property name="maven.repo.local" value="D:\Professional_Software\apache-maven-3.6.3\LocalRepository"/>
    <property name="os.version" value="10.0"/>
    <property name="user.home" value="C:\Users\wlf"/>
    <property name="user.timezone" value="Asia/Shanghai"/>
    <property name="java.awt.printerjob" value="sun.awt.windows.WPrinterJob"/>
    <property name="java.specification.version" value="1.8"/>
    <property name="file.encoding" value="UTF-8"/>
    <property name="user.name" value="wlf"/>
    <property name="java.class.path" value="D:\Professional_Software\apache-maven-3.6.3\boot\plexus-classworlds-2.6.0.jar;D:\Professional_Software\apache-maven-3.6.3\boot\plexus-classworlds.license"/>
    <property name="java.vm.specification.version" value="1.8"/>
    <property name="sun.arch.data.model" value="64"/>
    <property name="java.home" value="D:\Professional_Software\Java\jdk1.8\jre"/>
    <property name="sun.java.command" value="org.codehaus.classworlds.Launcher -Didea.version2020.1.4 -s D:\Professional_Software\apache-maven-3.6.3\conf\settings.xml -Dmaven.repo.local=D:\Professional_Software\apache-maven-3.6.3\LocalRepository install"/>
    <property name="idea.version2020.1.4" value="true"/>
    <property name="java.specification.vendor" value="Oracle Corporation"/>
    <property name="user.language" value="zh"/>
    <property name="awt.toolkit" value="sun.awt.windows.WToolkit"/>
    <property name="java.vm.info" value="mixed mode"/>
    <property name="java.version" value="1.8.0_261"/>
    <property name="java.ext.dirs" value="D:\Professional_Software\Java\jdk1.8\jre\lib\ext;C:\WINDOWS\Sun\Java\lib\ext"/>
    <property name="sun.boot.class.path" value="D:\Professional_Software\Java\jdk1.8\jre\lib\resources.jar;D:\Professional_Software\Java\jdk1.8\jre\lib\rt.jar;D:\Professional_Software\Java\jdk1.8\jre\lib\sunrsasign.jar;D:\Professional_Software\Java\jdk1.8\jre\lib\jsse.jar;D:\Professional_Software\Java\jdk1.8\jre\lib\jce.jar;D:\Professional_Software\Java\jdk1.8\jre\lib\charsets.jar;D:\Professional_Software\Java\jdk1.8\jre\lib\jfr.jar;D:\Professional_Software\Java\jdk1.8\jre\classes"/>
    <property name="java.vendor" value="Oracle Corporation"/>
    <property name="maven.home" value="D:\Professional_Software\apache-maven-3.6.3"/>
    <property name="file.separator" value="\"/>
    <property name="java.vendor.url.bug" value="http://bugreport.sun.com/bugreport/"/>
    <property name="sun.cpu.endian" value="little"/>
    <property name="sun.io.unicode.encoding" value="UnicodeLittle"/>
    <property name="sun.desktop" value="windows"/>
    <property name="sun.cpu.isalist" value="amd64"/>
  </properties>
  <testcase classname="com.icecocoeci.utilites.JoinerTest" name="testJoinOnJoin" time="0.009"/>
</testsuite>